<?xml version="1.0" encoding="UTF-8"?>
<!-- Generated by org.testng.reporters.JUnitReportReporter -->
<testsuite hostname="Sumits-Air" failures="0" tests="1" name="testcases.TestCase" time="54.976" errors="0" timestamp="2023-07-20T22:39:59 GMT-04:00" skipped="0">
  <testcase classname="testcases.TestCase" name="testCase" time="54.976"/>
  <system-out/>
</testsuite> <!-- testcases.TestCase -->
